0 info it worked if it ends with ok
1 verbose cli [ 'C:\\Program Files\\nodejs\\node.exe',
1 verbose cli   'C:\\Users\\Daniel\\AppData\\Roaming\\npm\\node_modules\\npm\\bin\\npm-cli.js',
1 verbose cli   'run',
1 verbose cli   'test' ]
2 info using npm@3.9.2
3 info using node@v6.2.0
4 verbose run-script [ 'pretest', 'test', 'posttest' ]
5 info lifecycle MegaBoilerPlateFYP@1.0.0~pretest: MegaBoilerPlateFYP@1.0.0
6 silly lifecycle MegaBoilerPlateFYP@1.0.0~pretest: no script for pretest, continuing
7 info lifecycle MegaBoilerPlateFYP@1.0.0~test: MegaBoilerPlateFYP@1.0.0
8 verbose lifecycle MegaBoilerPlateFYP@1.0.0~test: unsafe-perm in lifecycle true
9 verbose lifecycle MegaBoilerPlateFYP@1.0.0~test: PATH: C:\Users\Daniel\AppData\Roaming\npm\node_modules\npm\bin\node-gyp-bin;C:\Users\Daniel\Documents\GitHub\MegaBoilerPlateFYP\node_modules\.bin;C:\Program Files\nodejs;C:\Users\Daniel\Downloads\cmder\bin;C:\Program Files (x86)\Git\bin;C:\Program Files (x86)\Git\usr\bin;C:\Program Files (x86)\Git\share\vim\vim74;C:\Users\Daniel\Downloads\cmder\vendor\conemu-maximus5\ConEmu\Scripts;C:\Users\Daniel\Downloads\cmder\vendor\conemu-maximus5;C:\Users\Daniel\Downloads\cmder\vendor\conemu-maximus5\ConEmu;C:\Program Files (x86)\NVIDIA Corporation\PhysX\Common;C:\ProgramData\Oracle\Java\javapath;C:\WINDOWS\system32;C:\WINDOWS;C:\WINDOWS\System32\Wbem;C:\WINDOWS\System32\WindowsPowerShell\v1.0\;C:\Program Files (x86)\AMD\ATI.ACE\Core-Static;C:\Program Files (x86)\Windows Kits\8.1\Windows Performance Toolkit\;C:\Program Files\Microsoft SQL Server\110\Tools\Binn\;C:\Program Files (x86)\Microsoft SDKs\TypeScript\1.0\;C:\Program Files\MongoDB\Server\3.0\bin;C:\Python27;C:\HashiCorp\Vagrant\bin;C:\Program Files (x86)\ATI Technologies\ATI.ACE\Core-Static;C:\Program Files (x86)\CodeBlocks\MinGW\bin;C:\Users\Daniel\AppData\Roaming\nvm;C:\Program Files\nodejs;C:\Program Files\nodejs\;C:\Program Files\MongoDB 2.6 Standard\bin;C:\Program Files (x86)\Git\bin;C:\Program Files\Java\jdk1.7.0_75\bin;C:\Users\Daniel\AppData\Roaming\nvm;C:\Program Files\nodejs;C:\Users\Daniel\AppData\Roaming\npm;C:\Users\Daniel\AppData\Local\Microsoft\WindowsApps;;C:\Users\Daniel\Downloads\cmder
10 verbose lifecycle MegaBoilerPlateFYP@1.0.0~test: CWD: C:\Users\Daniel\Documents\GitHub\MegaBoilerPlateFYP
11 silly lifecycle MegaBoilerPlateFYP@1.0.0~test: Args: [ '/d /s /c', 'npm run test:client && npm run test:server' ]
12 silly lifecycle MegaBoilerPlateFYP@1.0.0~test: Returned: code: 1  signal: null
13 info lifecycle MegaBoilerPlateFYP@1.0.0~test: Failed to exec test script
14 verbose stack Error: MegaBoilerPlateFYP@1.0.0 test: `npm run test:client && npm run test:server`
14 verbose stack Exit status 1
14 verbose stack     at EventEmitter.<anonymous> (C:\Users\Daniel\AppData\Roaming\npm\node_modules\npm\lib\utils\lifecycle.js:245:16)
14 verbose stack     at emitTwo (events.js:106:13)
14 verbose stack     at EventEmitter.emit (events.js:191:7)
14 verbose stack     at ChildProcess.<anonymous> (C:\Users\Daniel\AppData\Roaming\npm\node_modules\npm\lib\utils\spawn.js:24:14)
14 verbose stack     at emitTwo (events.js:106:13)
14 verbose stack     at ChildProcess.emit (events.js:191:7)
14 verbose stack     at maybeClose (internal/child_process.js:850:16)
14 verbose stack     at Process.ChildProcess._handle.onexit (internal/child_process.js:215:5)
15 verbose pkgid MegaBoilerPlateFYP@1.0.0
16 verbose cwd C:\Users\Daniel\Documents\GitHub\MegaBoilerPlateFYP
17 error Windows_NT 10.0.14393
18 error argv "C:\\Program Files\\nodejs\\node.exe" "C:\\Users\\Daniel\\AppData\\Roaming\\npm\\node_modules\\npm\\bin\\npm-cli.js" "run" "test"
19 error node v6.2.0
20 error npm  v3.9.2
21 error code ELIFECYCLE
22 error MegaBoilerPlateFYP@1.0.0 test: `npm run test:client && npm run test:server`
22 error Exit status 1
23 error Failed at the MegaBoilerPlateFYP@1.0.0 test script 'npm run test:client && npm run test:server'.
23 error Make sure you have the latest version of node.js and npm installed.
23 error If you do, this is most likely a problem with the MegaBoilerPlateFYP package,
23 error not with npm itself.
23 error Tell the author that this fails on your system:
23 error     npm run test:client && npm run test:server
23 error You can get information on how to open an issue for this project with:
23 error     npm bugs MegaBoilerPlateFYP
23 error Or if that isn't available, you can get their info via:
23 error     npm owner ls MegaBoilerPlateFYP
23 error There is likely additional logging output above.
24 verbose exit [ 1, true ]
